<?xml version="1.0" encoding="UTF-8"?>
<!-- Generated by org.testng.reporters.JUnitXMLReporter -->
<testsuite ignored="0" hostname="WINDOWS-4FMQ8EQ" failures="0" tests="4" name="user" time="67.13" errors="0" timestamp="2025-07-16T12:27:45 CEST">
  <testcase classname="com.demoqa.tests.LinksTest" name="checkAllLinksTest" time="3.003"/>
  <testcase classname="com.demoqa.tests.LinksTest" name="checkBrokenImgTest" time="3.469"/>
  <testcase classname="com.demoqa.tests.LinksTest" name="checkBrokenLinksTest" time="2.92"/>
  <testcase classname="com.demoqa.tests.SearchBookTests" name="searchBookPositiveTest" time="1.762"/>
</testsuite> <!-- user -->
